<?xml version="1.0" encoding="UTF-8"?>
<testng-results ignored="0" total="1" passed="1" failed="0" skipped="0">
  <reporter-output>
  </reporter-output>
  <suite started-at="2022-09-20T11:27:57 IST" name="Default suite" finished-at="2022-09-20T11:28:12 IST" duration-ms="14834">
    <groups>
    </groups>
    <test started-at="2022-09-20T11:27:57 IST" name="Default test" finished-at="2022-09-20T11:28:12 IST" duration-ms="14834">
      <class name="task.SecondFilpcartTest">
        <test-method signature="flipcart()[pri:0, instance:task.SecondFilpcartTest@57d7f8ca]" started-at="2022-09-20T11:27:57 IST" name="flipcart" finished-at="2022-09-20T11:28:12 IST" duration-ms="14769" status="PASS">
          <reporter-output>
          </reporter-output>
        </test-method> <!-- flipcart -->
      </class> <!-- task.SecondFilpcartTest -->
    </test> <!-- Default test -->
  </suite> <!-- Default suite -->
</testng-results>
